This is pdfTeX, Version 3.141592653-2.6-1.40.25 (MiKTeX 24.1) (preloaded format=pdflatex 2024.9.22)  11 NOV 2024 22:07
entering extended mode
 restricted \write18 enabled.
 %&-line parsing enabled.
**./PS3.tex
(PS3.tex
LaTeX2e <2023-11-01> patch level 1
L3 programming layer <2024-01-04>
(C:\Users\diarmuid\AppData\Local\Programs\MiKTeX\tex/latex/base\article.cls
Document Class: article 2023/05/17 v1.4n Standard LaTeX document class
(C:\Users\diarmuid\AppData\Local\Programs\MiKTeX\tex/latex/base\size10.clo
File: size10.clo 2023/05/17 v1.4n Standard LaTeX file (size option)
)
\c@part=\count187
\c@section=\count188
\c@subsection=\count189
\c@subsubsection=\count190
\c@paragraph=\count191
\c@subparagraph=\count192
\c@figure=\count193
\c@table=\count194
\abovecaptionskip=\skip48
\belowcaptionskip=\skip49
\bibindent=\dimen140
)
(C:\Users\diarmuid\AppData\Local\Programs\MiKTeX\tex/latex/graphics\graphicx.st
y
Package: graphicx 2021/09/16 v1.2d Enhanced LaTeX Graphics (DPC,SPQR)

(C:\Users\diarmuid\AppData\Local\Programs\MiKTeX\tex/latex/graphics\keyval.sty
Package: keyval 2022/05/29 v1.15 key=value parser (DPC)
\KV@toks@=\toks17
)
(C:\Users\diarmuid\AppData\Local\Programs\MiKTeX\tex/latex/graphics\graphics.st
y
Package: graphics 2022/03/10 v1.4e Standard LaTeX Graphics (DPC,SPQR)
 (C:\Users\diarmuid\AppData\Local\Programs\MiKTeX\tex/latex/graphics\trig.sty
Package: trig 2021/08/11 v1.11 sin cos tan (DPC)
)
(C:\Users\diarmuid\AppData\Local\Programs\MiKTeX\tex/latex/graphics-cfg\graphic
s.cfg
File: graphics.cfg 2016/06/04 v1.11 sample graphics configuration
)
Package graphics Info: Driver file: pdftex.def on input line 107.

(C:\Users\diarmuid\AppData\Local\Programs\MiKTeX\tex/latex/graphics-def\pdftex.
def
File: pdftex.def 2022/09/22 v1.2b Graphics/color driver for pdftex
))
\Gin@req@height=\dimen141
\Gin@req@width=\dimen142
)
(C:\Users\diarmuid\AppData\Local\Programs\MiKTeX\tex/latex/float\float.sty
Package: float 2001/11/08 v1.3d Float enhancements (AL)
\c@float@type=\count195
\float@exts=\toks18
\float@box=\box51
\@float@everytoks=\toks19
\@floatcapt=\box52
)
(C:\Users\diarmuid\AppData\Local\Programs\MiKTeX\tex/latex/l3backend\l3backend-
pdftex.def
File: l3backend-pdftex.def 2024-01-04 L3 backend support: PDF output (pdfTeX)
\l__color_backend_stack_int=\count196
\l__pdf_internal_box=\box53
) (PS3.aux

LaTeX Warning: Label `fig:Regression statistics' multiply defined.


LaTeX Warning: Label `fig:Scatter plot with regression line' multiply defined.

)
\openout1 = `PS3.aux'.

LaTeX Font Info:    Checking defaults for OML/cmm/m/it on input line 8.
LaTeX Font Info:    ... okay on input line 8.
LaTeX Font Info:    Checking defaults for OMS/cmsy/m/n on input line 8.
LaTeX Font Info:    ... okay on input line 8.
LaTeX Font Info:    Checking defaults for OT1/cmr/m/n on input line 8.
LaTeX Font Info:    ... okay on input line 8.
LaTeX Font Info:    Checking defaults for T1/cmr/m/n on input line 8.
LaTeX Font Info:    ... okay on input line 8.
LaTeX Font Info:    Checking defaults for TS1/cmr/m/n on input line 8.
LaTeX Font Info:    ... okay on input line 8.
LaTeX Font Info:    Checking defaults for OMX/cmex/m/n on input line 8.
LaTeX Font Info:    ... okay on input line 8.
LaTeX Font Info:    Checking defaults for U/cmr/m/n on input line 8.
LaTeX Font Info:    ... okay on input line 8.

(C:\Users\diarmuid\AppData\Local\Programs\MiKTeX\tex/context/base/mkii\supp-pdf
.mkii
[Loading MPS to PDF converter (version 2006.09.02).]
\scratchcounter=\count197
\scratchdimen=\dimen143
\scratchbox=\box54
\nofMPsegments=\count198
\nofMParguments=\count199
\everyMPshowfont=\toks20
\MPscratchCnt=\count266
\MPscratchDim=\dimen144
\MPnumerator=\count267
\makeMPintoPDFobject=\count268
\everyMPtoPDFconversion=\toks21
)
(C:\Users\diarmuid\AppData\Local\Programs\MiKTeX\tex/latex/epstopdf-pkg\epstopd
f-base.sty
Package: epstopdf-base 2020-01-24 v2.11 Base part for package epstopdf
Package epstopdf-base Info: Redefining graphics rule for `.eps' on input line 4
85.

(C:\Users\diarmuid\AppData\Local\Programs\MiKTeX\tex/latex/00miktex\epstopdf-sy
s.cfg
File: epstopdf-sys.cfg 2021/03/18 v2.0 Configuration of epstopdf for MiKTeX
))
LaTeX Font Info:    External font `cmex10' loaded for size
(Font)              <12> on input line 9.
LaTeX Font Info:    External font `cmex10' loaded for size
(Font)              <8> on input line 9.
LaTeX Font Info:    External font `cmex10' loaded for size
(Font)              <6> on input line 9.
<Question1RegressionAnalysis.jpg, id=1, 414.348pt x 211.992pt>
File: Question1RegressionAnalysis.jpg Graphic file (type jpg)
<use Question1RegressionAnalysis.jpg>
Package pdftex.def Info: Question1RegressionAnalysis.jpg  used on input line 23
.
(pdftex.def)             Requested size: 310.4979pt x 158.85774pt.
<Question1 - Scatter Plot.png, id=2, 429.85594pt x 338.76563pt>
File: Question1 - Scatter Plot.png Graphic file (type png)
<use Question1 - Scatter Plot.png>
Package pdftex.def Info: Question1 - Scatter Plot.png  used on input line 33.
(pdftex.def)             Requested size: 310.4979pt x 244.70193pt.
 [1

{C:/Users/diarmuid/AppData/Local/MiKTeX/fonts/map/pdftex/pdftex.map} <./Questio
n1RegressionAnalysis.jpg>]
LaTeX Font Info:    External font `cmex10' loaded for size
(Font)              <7> on input line 43.
LaTeX Font Info:    External font `cmex10' loaded for size
(Font)              <5> on input line 43.
 [2 <./Question1 - Scatter Plot.png>]
<Question2RegressionAnalysis.jpg, id=17, 410.7345pt x 211.38976pt>
File: Question2RegressionAnalysis.jpg Graphic file (type jpg)
<use Question2RegressionAnalysis.jpg>
Package pdftex.def Info: Question2RegressionAnalysis.jpg  used on input line 61
.
(pdftex.def)             Requested size: 310.4979pt x 159.80632pt.
<Question2 - Scatter Plot with regression line.png, id=18, 429.85594pt x 338.76
563pt>
File: Question2 - Scatter Plot with regression line.png Graphic file (type png)

<use Question2 - Scatter Plot with regression line.png>
Package pdftex.def Info: Question2 - Scatter Plot with regression line.png  use
d on input line 70.
(pdftex.def)             Requested size: 310.4979pt x 244.70193pt.


LaTeX Warning: `!h' float specifier changed to `!ht'.

[3 <./Question2RegressionAnalysis.jpg>] [4 <./Question2 - Scatter Plot with reg
ression line.png>]
<Question3RegressionAnalysis.jpg, id=27, 419.76825pt x 204.765pt>
File: Question3RegressionAnalysis.jpg Graphic file (type jpg)
<use Question3RegressionAnalysis.jpg>
Package pdftex.def Info: Question3RegressionAnalysis.jpg  used on input line 98
.
(pdftex.def)             Requested size: 310.4979pt x 151.46747pt.
<Question3 - Scatter Plot with regression line.png, id=28, 429.85594pt x 338.76
563pt>
File: Question3 - Scatter Plot with regression line.png Graphic file (type png)

<use Question3 - Scatter Plot with regression line.png>
Package pdftex.def Info: Question3 - Scatter Plot with regression line.png  use
d on input line 107.
(pdftex.def)             Requested size: 310.4979pt x 244.70193pt.
 [5 <./Question3RegressionAnalysis.jpg>] [6 <./Question3 - Scatter Plot with re
gression line.png>] (PS3.aux)
 ***********
LaTeX2e <2023-11-01> patch level 1
L3 programming layer <2024-01-04>
 ***********


LaTeX Warning: There were multiply-defined labels.

 ) 
Here is how much of TeX's memory you used:
 1420 strings out of 474485
 24969 string characters out of 5742318
 1930542 words of memory out of 5000000
 23740 multiletter control sequences out of 15000+600000
 562324 words of font info for 50 fonts, out of 8000000 for 9000
 1141 hyphenation exceptions out of 8191
 57i,7n,65p,711b,236s stack positions out of 10000i,1000n,20000p,200000b,200000s
<C:/Users/diarmuid/AppData/Local/Programs/MiKTeX/fonts/type1/public/amsfonts/
cm/cmbx10.pfb><C:/Users/diarmuid/AppData/Local/Programs/MiKTeX/fonts/type1/publ
ic/amsfonts/cm/cmbx12.pfb><C:/Users/diarmuid/AppData/Local/Programs/MiKTeX/font
s/type1/public/amsfonts/cm/cmmi10.pfb><C:/Users/diarmuid/AppData/Local/Programs
/MiKTeX/fonts/type1/public/amsfonts/cm/cmr10.pfb><C:/Users/diarmuid/AppData/Loc
al/Programs/MiKTeX/fonts/type1/public/amsfonts/cm/cmr12.pfb><C:/Users/diarmuid/
AppData/Local/Programs/MiKTeX/fonts/type1/public/amsfonts/cm/cmr17.pfb><C:/User
s/diarmuid/AppData/Local/Programs/MiKTeX/fonts/type1/public/amsfonts/cm/cmsy10.
pfb>
Output written on PS3.pdf (6 pages, 365020 bytes).
PDF statistics:
 65 PDF objects out of 1000 (max. 8388607)
 0 named destinations out of 1000 (max. 500000)
 31 words of extra memory for PDF output out of 10000 (max. 10000000)

